[2014-10-10 14:20:20,211][WARN ][bootstrap                ] jvm uses the client vm, make sure to run `java` with the server vm for best performance by adding `-server` to the command line
[2014-10-10 14:20:21,315][INFO ][node                     ] [Bela] version[1.4.0.Beta1], pid[7496], build[1f25669/2014-10-01T14:58:15Z]
[2014-10-10 14:20:21,316][INFO ][node                     ] [Bela] initializing ...
[2014-10-10 14:20:21,346][INFO ][plugins                  ] [Bela] loaded [], sites []
[2014-10-10 14:20:41,571][INFO ][node                     ] [Bela] initialized
[2014-10-10 14:20:41,572][INFO ][node                     ] [Bela] starting ...
[2014-10-10 14:20:48,770][INFO ][transport                ] [Bela] bound_address {inet[/0:0:0:0:0:0:0:0:9300]}, publish_address {inet[/192.168.0.103:9300]}
[2014-10-10 14:20:50,823][INFO ][discovery                ] [Bela] elasticsearch/-46bbgfnQQehctiuRaXiEg
[2014-10-10 14:20:53,933][INFO ][cluster.service          ] [Bela] new_master [Bela][-46bbgfnQQehctiuRaXiEg][samarth-PC][inet[/192.168.0.103:9300]], reason: zen-disco-join (elected_as_master)
[2014-10-10 14:20:54,106][INFO ][gateway                  ] [Bela] recovered [0] indices into cluster_state
[2014-10-10 14:20:54,784][INFO ][http                     ] [Bela] bound_address {inet[/0:0:0:0:0:0:0:0:9200]}, publish_address {inet[/192.168.0.103:9200]}
[2014-10-10 14:20:54,785][INFO ][node                     ] [Bela] started
[2014-10-10 14:26:26,302][INFO ][cluster.metadata         ] [Bela] [kibana-int] creating index, cause [api], shards [1]/[1], mappings []
[2014-10-10 14:26:31,501][INFO ][cluster.metadata         ] [Bela] [kibana-int] update_mapping [config] (dynamic)
[2014-10-10 14:26:35,382][INFO ][cluster.metadata         ] [Bela] [kibana-int] create_mapping [search]
[2014-10-10 14:26:35,532][INFO ][cluster.metadata         ] [Bela] [kibana-int] create_mapping [index-pattern]
[2014-10-10 14:26:39,982][INFO ][cluster.metadata         ] [Bela] [kibana-int] create_mapping [dashboard]
[2014-10-10 14:28:43,458][INFO ][cluster.metadata         ] [Bela] [my_app] creating index, cause [auto(index api)], shards [5]/[1], mappings []
[2014-10-10 14:28:44,107][INFO ][cluster.metadata         ] [Bela] [my_app] update_mapping [blog_post] (dynamic)
[2014-10-10 14:28:44,299][INFO ][cluster.metadata         ] [Bela] [roofz] creating index, cause [auto(index api)], shards [5]/[1], mappings []
[2014-10-10 14:28:44,603][INFO ][cluster.metadata         ] [Bela] [roofz] update_mapping [Real Estate Property Portal] (dynamic)
